This is pdfTeX, Version 3.14159265-2.6-1.40.16 (TeX Live 2015/Debian) (preloaded format=pdflatex 2016.3.21)  18 APR 2016 15:04
entering extended mode
 restricted \write18 enabled.
 %&-line parsing enabled.
**titlepage.tex
(./titlepage.tex
LaTeX2e <2015/01/01>
Babel <3.9l> and hyphenation patterns for 79 languages loaded.

! LaTeX Error: Environment titlepage undefined.

See the LaTeX manual or LaTeX Companion for explanation.
Type  H <return>  for immediate help.
 ...                                              
                                                  
l.1 \begin{titlepage}
                     
Your command was ignored.
Type  I <command> <return>  to replace it with another command,
or  <return>  to continue without it.


! LaTeX Error: Missing \begin{document}.

See the LaTeX manual or LaTeX Companion for explanation.
Type  H <return>  for immediate help.
 ...                                              
                                                  
l.2 \begin{center}
                  
You're in trouble here.  Try typing  <return>  to proceed.
If that doesn't work, type  X <return>  to quit.


Overfull \hbox (20.0pt too wide) in paragraph at lines 2--2
[] 
 []

! Undefined control sequence.
<recently read> \LARGE 
                       
l.6 \textsc{\LARGE University Oldenburg}
                                        \\[1.5cm]
The control sequence at the end of the top line
of your error message was never \def'ed. If you have
misspelled it (e.g., `\hobx'), type `I' and the correct
spelling (e.g., `I\hbox'). Otherwise just continue,
and I'll forget about whatever was undefined.


Overfull \hbox (54.67194pt too wide) in paragraph at lines 6--6
 \OT1/cmr/m/sc/10 University 
 []


Overfull \hbox (23.59984pt too wide) in paragraph at lines 6--6
 \OT1/cmr/m/sc/10 Old- 
 []


Overfull \hbox (15.4888pt too wide) in paragraph at lines 6--6
 \OT1/cmr/m/sc/10 en- 
 []


Overfull \hbox (24.14435pt too wide) in paragraph at lines 6--6
 \OT1/cmr/m/sc/10 burg 
 []

! Undefined control sequence.
<recently read> \Large 
                       
l.8 ...sc{\Large Wind Physics Measurement Project}
                                                  \\[0.5cm]
The control sequence at the end of the top line
of your error message was never \def'ed. If you have
misspelled it (e.g., `\hobx'), type `I' and the correct
spelling (e.g., `I\hbox'). Otherwise just continue,
and I'll forget about whatever was undefined.


Overfull \hbox (26.4554pt too wide) in paragraph at lines 8--8
 []\OT1/cmr/m/sc/10 Wind 
 []


Overfull \hbox (37.772pt too wide) in paragraph at lines 8--8
 \OT1/cmr/m/sc/10 Physics 
 []


Overfull \hbox (25.37758pt too wide) in paragraph at lines 8--8
 \OT1/cmr/m/sc/10 Mea- 
 []


Overfull \hbox (26.08876pt too wide) in paragraph at lines 8--8
 \OT1/cmr/m/sc/10 sure- 
 []


Overfull \hbox (25.08876pt too wide) in paragraph at lines 8--8
 \OT1/cmr/m/sc/10 ment 
 []


Overfull \hbox (41.2164pt too wide) in paragraph at lines 8--8
 \OT1/cmr/m/sc/10 Project 
 []

! Undefined control sequence.
l.14 { \huge
             \bfseries Exercise 1 - Handling and preprocessing of measuremen...
The control sequence at the end of the top line
of your error message was never \def'ed. If you have
misspelled it (e.g., `\hobx'), type `I' and the correct
spelling (e.g., `I\hbox'). Otherwise just continue,
and I'll forget about whatever was undefined.


Overfull \hbox (41.74423pt too wide) in paragraph at lines 14--14
 []\OT1/cmr/bx/n/10 Exercise 
 []


Overfull \hbox (5.74997pt too wide) in paragraph at lines 14--14
 \OT1/cmr/bx/n/10 1 
 []


Overfull \hbox (3.83331pt too wide) in paragraph at lines 14--14
 \OT1/cmr/bx/n/10 - 
 []


Overfull \hbox (24.81235pt too wide) in paragraph at lines 14--14
 \OT1/cmr/bx/n/10 Han- 
 []


Overfull \hbox (24.91653pt too wide) in paragraph at lines 14--14
 \OT1/cmr/bx/n/10 dling 
 []


Overfull \hbox (18.36794pt too wide) in paragraph at lines 14--14
 \OT1/cmr/bx/n/10 and 
 []


Overfull \hbox (20.22908pt too wide) in paragraph at lines 14--14
 \OT1/cmr/bx/n/10 pre- 
 []


Overfull \hbox (20.70824pt too wide) in paragraph at lines 14--14
 \OT1/cmr/bx/n/10 pro- 
 []


Overfull \hbox (23.28735pt too wide) in paragraph at lines 14--14
 \OT1/cmr/bx/n/10 cess- 
 []


Overfull \hbox (15.33325pt too wide) in paragraph at lines 14--14
 \OT1/cmr/bx/n/10 ing 
 []


Overfull \hbox (9.26384pt too wide) in paragraph at lines 14--14
 \OT1/cmr/bx/n/10 of 
 []


Overfull \hbox (24.27763pt too wide) in paragraph at lines 14--14
 \OT1/cmr/bx/n/10 mea- 
 []


Overfull \hbox (24.76515pt too wide) in paragraph at lines 14--14
 \OT1/cmr/bx/n/10 sure- 
 []


Overfull \hbox (25.3957pt too wide) in paragraph at lines 14--14
 \OT1/cmr/bx/n/10 ment 
 []


Overfull \hbox (22.0415pt too wide) in paragraph at lines 14--14
 \OT1/cmr/bx/n/10 data 
 []

! Undefined control sequence.
l.20 \begin{flushleft} \large
                             
The control sequence at the end of the top line
of your error message was never \def'ed. If you have
misspelled it (e.g., `\hobx'), type `I' and the correct
spelling (e.g., `I\hbox'). Otherwise just continue,
and I'll forget about whatever was undefined.

Missing character: There is no J in font nullfont!
Missing character: There is no a in font nullfont!
Missing character: There is no n in font nullfont!
Missing character: There is no F in font nullfont!
Missing character: There is no l in font nullfont!
Missing character: There is no o in font nullfont!
Missing character: There is no r in font nullfont!
Missing character: There is no i in font nullfont!
Missing character: There is no a in font nullfont!
Missing character: There is no n in font nullfont!
LaTeX Font Info:    External font `cmex10' loaded for size
(Font)              <7> on input line 25.
LaTeX Font Info:    External font `cmex10' loaded for size
(Font)              <5> on input line 25.
! Undefined control sequence.
l.28 \begin{flushright} \large
                              
The control sequence at the end of the top line
of your error message was never \def'ed. If you have
misspelled it (e.g., `\hobx'), type `I' and the correct
spelling (e.g., `I\hbox'). Otherwise just continue,
and I'll forget about whatever was undefined.

Missing character: There is no M in font nullfont!
Missing character: There is no a in font nullfont!
Missing character: There is no t in font nullfont!
Missing character: There is no h in font nullfont!
Missing character: There is no i in font nullfont!
Missing character: There is no a in font nullfont!
Missing character: There is no s in font nullfont!
Missing character: There is no Ã in font cmcsc10!
Missing character: There is no ¤ in font cmcsc10!

Overfull \hbox (3276.74998pt too wide) in paragraph at lines 19--33
 []$[]$ 
 []


Overfull \hbox (3276.74998pt too wide) in paragraph at lines 19--33
 []$ 
 []

! Undefined control sequence.
l.39 {\large
             \today}
The control sequence at the end of the top line
of your error message was never \def'ed. If you have
misspelled it (e.g., `\hobx'), type `I' and the correct
spelling (e.g., `I\hbox'). Otherwise just continue,
and I'll forget about whatever was undefined.

! Undefined control sequence.
l.39 {\large \today
                   }
The control sequence at the end of the top line
of your error message was never \def'ed. If you have
misspelled it (e.g., `\hobx'), type `I' and the correct
spelling (e.g., `I\hbox'). Otherwise just continue,
and I'll forget about whatever was undefined.


! LaTeX Error: \begin{document} ended by \end{titlepage}.

See the LaTeX manual or LaTeX Companion for explanation.
Type  H <return>  for immediate help.
 ...                                              
                                                  
l.43 \end{titlepage}
                    
Your command was ignored.
Type  I <command> <return>  to replace it with another command,
or  <return>  to continue without it.

)
! Emergency stop.
<*> titlepage.tex
                 
*** (job aborted, no legal \end found)

 
Here is how much of TeX's memory you used:
 21 strings out of 493085
 290 string characters out of 6136917
 53743 words of memory out of 5000000
 3603 multiletter control sequences out of 15000+600000
 4595 words of font info for 17 fonts, out of 8000000 for 9000
 1141 hyphenation exceptions out of 8191
 20i,3n,18p,119b,233s stack positions out of 5000i,500n,10000p,200000b,80000s
!  ==> Fatal error occurred, no output PDF file produced!
